Determining if the pthread_create exist failed with the following output:
Change Dir: /home/mycoss/catkin_ws/build/CMakeFiles/CMakeTmp

Run Build Command:"/usr/bin/make" "cmTC_47a2a/fast"
/usr/bin/make -f CMakeFiles/cmTC_47a2a.dir/build.make CMakeFiles/cmTC_47a2a.dir/build
make[1]: Entering directory '/home/mycoss/catkin_ws/build/CMakeFiles/CMakeTmp'
Building C object CMakeFiles/cmTC_47a2a.dir/CheckSymbolExists.c.o
/usr/bin/cc    -o CMakeFiles/cmTC_47a2a.dir/CheckSymbolExists.c.o   -c /home/mycoss/catkin_ws/build/CMakeFiles/CMakeTmp/CheckSymbolExists.c
Linking C executable cmTC_47a2a
/usr/bin/cmake -E cmake_link_script CMakeFiles/cmTC_47a2a.dir/link.txt --verbose=1
/usr/bin/cc      -rdynamic CMakeFiles/cmTC_47a2a.dir/CheckSymbolExists.c.o  -o cmTC_47a2a 
CMakeFiles/cmTC_47a2a.dir/CheckSymbolExists.c.o: In function `main':
CheckSymbolExists.c:(.text+0x14): undefined reference to `pthread_create'
CheckSymbolExists.c:(.text+0x18): undefined reference to `pthread_create'
collect2: error: ld returned 1 exit status
CMakeFiles/cmTC_47a2a.dir/build.make:97: recipe for target 'cmTC_47a2a' failed
make[1]: *** [cmTC_47a2a] Error 1
make[1]: Leaving directory '/home/mycoss/catkin_ws/build/CMakeFiles/CMakeTmp'
Makefile:126: recipe for target 'cmTC_47a2a/fast' failed
make: *** [cmTC_47a2a/fast] Error 2

File /home/mycoss/catkin_ws/build/CMakeFiles/CMakeTmp/CheckSymbolExists.c:
/* */
#include <pthread.h>

int main(int argc, char** argv)
{
  (void)argv;
#ifndef pthread_create
  return ((int*)(&pthread_create))[argc];
#else
  (void)argc;
  return 0;
#endif
}

Determining if the function pthread_create exists in the pthreads failed with the following output:
Change Dir: /home/mycoss/catkin_ws/build/CMakeFiles/CMakeTmp

Run Build Command:"/usr/bin/make" "cmTC_73f1c/fast"
/usr/bin/make -f CMakeFiles/cmTC_73f1c.dir/build.make CMakeFiles/cmTC_73f1c.dir/build
make[1]: Entering directory '/home/mycoss/catkin_ws/build/CMakeFiles/CMakeTmp'
Building C object CMakeFiles/cmTC_73f1c.dir/CheckFunctionExists.c.o
/usr/bin/cc   -DCHECK_FUNCTION_EXISTS=pthread_create   -o CMakeFiles/cmTC_73f1c.dir/CheckFunctionExists.c.o   -c /usr/share/cmake-3.10/Modules/CheckFunctionExists.c
Linking C executable cmTC_73f1c
/usr/bin/cmake -E cmake_link_script CMakeFiles/cmTC_73f1c.dir/link.txt --verbose=1
/usr/bin/cc  -DCHECK_FUNCTION_EXISTS=pthread_create    -rdynamic CMakeFiles/cmTC_73f1c.dir/CheckFunctionExists.c.o  -o cmTC_73f1c -lpthreads 
/usr/bin/ld: cannot find -lpthreads
collect2: error: ld returned 1 exit status
CMakeFiles/cmTC_73f1c.dir/build.make:97: recipe for target 'cmTC_73f1c' failed
make[1]: *** [cmTC_73f1c] Error 1
make[1]: Leaving directory '/home/mycoss/catkin_ws/build/CMakeFiles/CMakeTmp'
Makefile:126: recipe for target 'cmTC_73f1c/fast' failed
make: *** [cmTC_73f1c/fast] Error 2


Determining if the Q_WS_WIN exist failed with the following output:
Change Dir: /home/mycoss/catkin_ws/build/CMakeFiles/CMakeTmp

Run Build Command:"/usr/bin/make" "cmTC_f5a47/fast"
make[1]: Entering directory '/home/mycoss/catkin_ws/build/CMakeFiles/CMakeTmp'
/usr/bin/make -f CMakeFiles/cmTC_f5a47.dir/build.make CMakeFiles/cmTC_f5a47.dir/build
make[2]: Entering directory '/home/mycoss/catkin_ws/build/CMakeFiles/CMakeTmp'
Building CXX object CMakeFiles/cmTC_f5a47.dir/CheckSymbolExists.cxx.o
/usr/bin/c++   -I/usr/include/qt4   -o CMakeFiles/cmTC_f5a47.dir/CheckSymbolExists.cxx.o -c /home/mycoss/catkin_ws/build/CMakeFiles/CMakeTmp/CheckSymbolExists.cxx
/home/mycoss/catkin_ws/build/CMakeFiles/CMakeTmp/CheckSymbolExists.cxx: In function ‘int main(int, char**)’:
/home/mycoss/catkin_ws/build/CMakeFiles/CMakeTmp/CheckSymbolExists.cxx:8:19: error: ‘Q_WS_WIN’ was not declared in this scope
   return ((int*)(&Q_WS_WIN))[argc];
                   ^~~~~~~~
/home/mycoss/catkin_ws/build/CMakeFiles/CMakeTmp/CheckSymbolExists.cxx:8:19: note: suggested alternative: ‘Q_WS_X11’
   return ((int*)(&Q_WS_WIN))[argc];
                   ^~~~~~~~
                   Q_WS_X11
CMakeFiles/cmTC_f5a47.dir/build.make:65: recipe for target 'CMakeFiles/cmTC_f5a47.dir/CheckSymbolExists.cxx.o' failed
make[2]: *** [CMakeFiles/cmTC_f5a47.dir/CheckSymbolExists.cxx.o] Error 1
make[2]: Leaving directory '/home/mycoss/catkin_ws/build/CMakeFiles/CMakeTmp'
Makefile:126: recipe for target 'cmTC_f5a47/fast' failed
make[1]: *** [cmTC_f5a47/fast] Error 2
make[1]: Leaving directory '/home/mycoss/catkin_ws/build/CMakeFiles/CMakeTmp'

File /home/mycoss/catkin_ws/build/CMakeFiles/CMakeTmp/CheckSymbolExists.cxx:
/* */
#include <QtCore/qglobal.h>

int main(int argc, char** argv)
{
  (void)argv;
#ifndef Q_WS_WIN
  return ((int*)(&Q_WS_WIN))[argc];
#else
  (void)argc;
  return 0;
#endif
}

Determining if the Q_WS_QWS exist failed with the following output:
Change Dir: /home/mycoss/catkin_ws/build/CMakeFiles/CMakeTmp

Run Build Command:"/usr/bin/make" "cmTC_9f06c/fast"
make[1]: Entering directory '/home/mycoss/catkin_ws/build/CMakeFiles/CMakeTmp'
/usr/bin/make -f CMakeFiles/cmTC_9f06c.dir/build.make CMakeFiles/cmTC_9f06c.dir/build
make[2]: Entering directory '/home/mycoss/catkin_ws/build/CMakeFiles/CMakeTmp'
Building CXX object CMakeFiles/cmTC_9f06c.dir/CheckSymbolExists.cxx.o
/usr/bin/c++   -I/usr/include/qt4   -o CMakeFiles/cmTC_9f06c.dir/CheckSymbolExists.cxx.o -c /home/mycoss/catkin_ws/build/CMakeFiles/CMakeTmp/CheckSymbolExists.cxx
/home/mycoss/catkin_ws/build/CMakeFiles/CMakeTmp/CheckSymbolExists.cxx: In function ‘int main(int, char**)’:
/home/mycoss/catkin_ws/build/CMakeFiles/CMakeTmp/CheckSymbolExists.cxx:8:19: error: ‘Q_WS_QWS’ was not declared in this scope
   return ((int*)(&Q_WS_QWS))[argc];
                   ^~~~~~~~
/home/mycoss/catkin_ws/build/CMakeFiles/CMakeTmp/CheckSymbolExists.cxx:8:19: note: suggested alternative: ‘Q_WS_X11’
   return ((int*)(&Q_WS_QWS))[argc];
                   ^~~~~~~~
                   Q_WS_X11
CMakeFiles/cmTC_9f06c.dir/build.make:65: recipe for target 'CMakeFiles/cmTC_9f06c.dir/CheckSymbolExists.cxx.o' failed
make[2]: *** [CMakeFiles/cmTC_9f06c.dir/CheckSymbolExists.cxx.o] Error 1
make[2]: Leaving directory '/home/mycoss/catkin_ws/build/CMakeFiles/CMakeTmp'
Makefile:126: recipe for target 'cmTC_9f06c/fast' failed
make[1]: *** [cmTC_9f06c/fast] Error 2
make[1]: Leaving directory '/home/mycoss/catkin_ws/build/CMakeFiles/CMakeTmp'

File /home/mycoss/catkin_ws/build/CMakeFiles/CMakeTmp/CheckSymbolExists.cxx:
/* */
#include <QtCore/qglobal.h>

int main(int argc, char** argv)
{
  (void)argv;
#ifndef Q_WS_QWS
  return ((int*)(&Q_WS_QWS))[argc];
#else
  (void)argc;
  return 0;
#endif
}

Determining if the Q_WS_MAC exist failed with the following output:
Change Dir: /home/mycoss/catkin_ws/build/CMakeFiles/CMakeTmp

Run Build Command:"/usr/bin/make" "cmTC_5ba5e/fast"
make[1]: Entering directory '/home/mycoss/catkin_ws/build/CMakeFiles/CMakeTmp'
/usr/bin/make -f CMakeFiles/cmTC_5ba5e.dir/build.make CMakeFiles/cmTC_5ba5e.dir/build
make[2]: Entering directory '/home/mycoss/catkin_ws/build/CMakeFiles/CMakeTmp'
Building CXX object CMakeFiles/cmTC_5ba5e.dir/CheckSymbolExists.cxx.o
/usr/bin/c++   -I/usr/include/qt4   -o CMakeFiles/cmTC_5ba5e.dir/CheckSymbolExists.cxx.o -c /home/mycoss/catkin_ws/build/CMakeFiles/CMakeTmp/CheckSymbolExists.cxx
/home/mycoss/catkin_ws/build/CMakeFiles/CMakeTmp/CheckSymbolExists.cxx: In function ‘int main(int, char**)’:
/home/mycoss/catkin_ws/build/CMakeFiles/CMakeTmp/CheckSymbolExists.cxx:8:19: error: ‘Q_WS_MAC’ was not declared in this scope
   return ((int*)(&Q_WS_MAC))[argc];
                   ^~~~~~~~
/home/mycoss/catkin_ws/build/CMakeFiles/CMakeTmp/CheckSymbolExists.cxx:8:19: note: suggested alternative: ‘Q_WS_X11’
   return ((int*)(&Q_WS_MAC))[argc];
                   ^~~~~~~~
                   Q_WS_X11
CMakeFiles/cmTC_5ba5e.dir/build.make:65: recipe for target 'CMakeFiles/cmTC_5ba5e.dir/CheckSymbolExists.cxx.o' failed
make[2]: *** [CMakeFiles/cmTC_5ba5e.dir/CheckSymbolExists.cxx.o] Error 1
make[2]: Leaving directory '/home/mycoss/catkin_ws/build/CMakeFiles/CMakeTmp'
Makefile:126: recipe for target 'cmTC_5ba5e/fast' failed
make[1]: *** [cmTC_5ba5e/fast] Error 2
make[1]: Leaving directory '/home/mycoss/catkin_ws/build/CMakeFiles/CMakeTmp'

File /home/mycoss/catkin_ws/build/CMakeFiles/CMakeTmp/CheckSymbolExists.cxx:
/* */
#include <QtCore/qglobal.h>

int main(int argc, char** argv)
{
  (void)argv;
#ifndef Q_WS_MAC
  return ((int*)(&Q_WS_MAC))[argc];
#else
  (void)argc;
  return 0;
#endif
}

Determining if the include file pgm.h exists failed with the following output:
Change Dir: /home/mycoss/catkin_ws/build/CMakeFiles/CMakeTmp

Run Build Command:"/usr/bin/make" "cmTC_0d14c/fast"
/usr/bin/make -f CMakeFiles/cmTC_0d14c.dir/build.make CMakeFiles/cmTC_0d14c.dir/build
make[1]: Entering directory '/home/mycoss/catkin_ws/build/CMakeFiles/CMakeTmp'
Building CXX object CMakeFiles/cmTC_0d14c.dir/CheckIncludeFile.cxx.o
/usr/bin/c++     -o CMakeFiles/cmTC_0d14c.dir/CheckIncludeFile.cxx.o -c /home/mycoss/catkin_ws/build/CMakeFiles/CMakeTmp/CheckIncludeFile.cxx
/home/mycoss/catkin_ws/build/CMakeFiles/CMakeTmp/CheckIncludeFile.cxx:1:10: fatal error: pgm.h: No such file or directory
 #include <pgm.h>
          ^~~~~~~
compilation terminated.
CMakeFiles/cmTC_0d14c.dir/build.make:65: recipe for target 'CMakeFiles/cmTC_0d14c.dir/CheckIncludeFile.cxx.o' failed
make[1]: *** [CMakeFiles/cmTC_0d14c.dir/CheckIncludeFile.cxx.o] Error 1
make[1]: Leaving directory '/home/mycoss/catkin_ws/build/CMakeFiles/CMakeTmp'
Makefile:126: recipe for target 'cmTC_0d14c/fast' failed
make: *** [cmTC_0d14c/fast] Error 2


